<?xml version="1.0" encoding="UTF-8"?>
<!-- Generated by org.testng.reporters.JUnitXMLReporter -->
<testsuite ignored="8" hostname="DESKTOP-KBP020S" failures="0" tests="5" name="Test" time="9.556" errors="0" timestamp="2022-08-05T13:43:14 IST">
  <testcase classname="com.swaglab.testCases.TC_LoginTest_001" name="TC_LF_001" time="1.061"/>
  <testcase classname="com.swaglab.testCases.TC_HomePageTest_002" name="TC_HP_001" time="1.039"/>
  <testcase classname="com.swaglab.testCases.TC_CartPage_003" name="TC_CP_001" time="0.751"/>
  <testcase classname="com.swaglab.testCases.TC_CheckoutInfo_004" name="TC_COI_001" time="1.053"/>
  <testcase classname="com.swaglab.testCases.TC_CheckoutDisc_005" name="TC_COD_001" time="1.097"/>
  <testcase classname="com.swaglab.testCases.BaseClass" name="@BeforeTest setup" time="0.0">
    <ignored/>
  </testcase> <!-- @BeforeTest setup -->
  <testcase classname="com.swaglab.testCases.BaseClass" name="@BeforeTest setup" time="0.0">
    <ignored/>
  </testcase> <!-- @BeforeTest setup -->
  <testcase classname="com.swaglab.testCases.BaseClass" name="@BeforeTest setup" time="0.0">
    <ignored/>
  </testcase> <!-- @BeforeTest setup -->
  <testcase classname="com.swaglab.testCases.BaseClass" name="@BeforeTest setup" time="0.0">
    <ignored/>
  </testcase> <!-- @BeforeTest setup -->
  <testcase classname="com.swaglab.testCases.BaseClass" name="@AfterTest tearDown" time="0.0">
    <ignored/>
  </testcase> <!-- @AfterTest tearDown -->
  <testcase classname="com.swaglab.testCases.BaseClass" name="@AfterTest tearDown" time="0.0">
    <ignored/>
  </testcase> <!-- @AfterTest tearDown -->
  <testcase classname="com.swaglab.testCases.BaseClass" name="@AfterTest tearDown" time="0.0">
    <ignored/>
  </testcase> <!-- @AfterTest tearDown -->
  <testcase classname="com.swaglab.testCases.BaseClass" name="@AfterTest tearDown" time="0.0">
    <ignored/>
  </testcase> <!-- @AfterTest tearDown -->
</testsuite> <!-- Test -->
