<?xml version="1.0" encoding="UTF-8"?>
<testng-results ignored="0" total="1" passed="1" failed="0" skipped="0">
  <reporter-output>
  </reporter-output>
  <suite started-at="2022-08-09T20:16:36 IST" name="Default suite" finished-at="2022-08-09T20:16:40 IST" duration-ms="4389">
    <groups>
    </groups>
    <test started-at="2022-08-09T20:16:36 IST" name="Default test" finished-at="2022-08-09T20:16:40 IST" duration-ms="4389">
      <class name="com.swaglab.testCases.TC_HomePageTest_002">
        <test-method is-config="true" signature="setup()[pri:0, instance:com.swaglab.testCases.TC_HomePageTest_002@659a969b]" started-at="2022-08-09T20:16:36 IST" name="setup" finished-at="2022-08-09T20:16:38 IST" duration-ms="2338" status="PASS">
          <reporter-output>
          </reporter-output>
        </test-method> <!-- setup -->
        <test-method signature="TC_HP_001()[pri:0, instance:com.swaglab.testCases.TC_HomePageTest_002@659a969b]" started-at="2022-08-09T20:16:38 IST" name="TC_HP_001" finished-at="2022-08-09T20:16:40 IST" duration-ms="1661" status="PASS">
          <reporter-output>
          </reporter-output>
        </test-method> <!-- TC_HP_001 -->
        <test-method is-config="true" signature="tearDown()[pri:0, instance:com.swaglab.testCases.TC_HomePageTest_002@659a969b]" started-at="2022-08-09T20:16:40 IST" name="tearDown" finished-at="2022-08-09T20:16:40 IST" duration-ms="319" status="PASS">
          <reporter-output>
          </reporter-output>
        </test-method> <!-- tearDown -->
      </class> <!-- com.swaglab.testCases.TC_HomePageTest_002 -->
    </test> <!-- Default test -->
  </suite> <!-- Default suite -->
</testng-results>
