<?xml version="1.0" encoding="UTF-8"?>
<testng-results ignored="0" total="1" passed="1" failed="0" skipped="0">
  <reporter-output>
  </reporter-output>
  <suite started-at="2022-08-08T10:53:42 IST" name="Default suite" finished-at="2022-08-08T10:53:46 IST" duration-ms="4612">
    <groups>
    </groups>
    <test started-at="2022-08-08T10:53:42 IST" name="Default test" finished-at="2022-08-08T10:53:46 IST" duration-ms="4612">
      <class name="com.swaglab.testCases.TC_LoginTest_001">
        <test-method is-config="true" signature="setup()[pri:0, instance:com.swaglab.testCases.TC_LoginTest_001@659a969b]" started-at="2022-08-08T10:53:42 IST" name="setup" finished-at="2022-08-08T10:53:45 IST" duration-ms="2783" status="PASS">
          <reporter-output>
          </reporter-output>
        </test-method> <!-- setup -->
        <test-method signature="TC_LF_001()[pri:0, instance:com.swaglab.testCases.TC_LoginTest_001@659a969b]" started-at="2022-08-08T10:53:45 IST" name="TC_LF_001" finished-at="2022-08-08T10:53:46 IST" duration-ms="1412" status="PASS">
          <reporter-output>
          </reporter-output>
        </test-method> <!-- TC_LF_001 -->
        <test-method is-config="true" signature="tearDown()[pri:0, instance:com.swaglab.testCases.TC_LoginTest_001@659a969b]" started-at="2022-08-08T10:53:46 IST" name="tearDown" finished-at="2022-08-08T10:53:46 IST" duration-ms="340" status="PASS">
          <reporter-output>
          </reporter-output>
        </test-method> <!-- tearDown -->
      </class> <!-- com.swaglab.testCases.TC_LoginTest_001 -->
    </test> <!-- Default test -->
  </suite> <!-- Default suite -->
</testng-results>
